Determining if the pthread_create exist failed with the following output:
Change Dir: /home/miles/Dropbox/code/memepu/verymeme/cmake-build-debug/CMakeFiles/CMakeTmp

Run Build Command(s):/usr/bin/make cmTC_e1303/fast 
/usr/bin/make -f CMakeFiles/cmTC_e1303.dir/build.make CMakeFiles/cmTC_e1303.dir/build
make[1]: Entering directory '/home/miles/Dropbox/code/memepu/verymeme/cmake-build-debug/CMakeFiles/CMakeTmp'
Building C object CMakeFiles/cmTC_e1303.dir/CheckSymbolExists.c.o
/usr/bin/cc    -o CMakeFiles/cmTC_e1303.dir/CheckSymbolExists.c.o   -c /home/miles/Dropbox/code/memepu/verymeme/cmake-build-debug/CMakeFiles/CMakeTmp/CheckSymbolExists.c
Linking C executable cmTC_e1303
/home/miles/software/clion/bin/cmake/linux/bin/cmake -E cmake_link_script CMakeFiles/cmTC_e1303.dir/link.txt --verbose=1
/usr/bin/cc      CMakeFiles/cmTC_e1303.dir/CheckSymbolExists.c.o  -o cmTC_e1303 
CMakeFiles/cmTC_e1303.dir/CheckSymbolExists.c.o: In function `main':
CheckSymbolExists.c:(.text+0x1b): undefined reference to `pthread_create'
collect2: error: ld returned 1 exit status
CMakeFiles/cmTC_e1303.dir/build.make:86: recipe for target 'cmTC_e1303' failed
make[1]: *** [cmTC_e1303] Error 1
make[1]: Leaving directory '/home/miles/Dropbox/code/memepu/verymeme/cmake-build-debug/CMakeFiles/CMakeTmp'
Makefile:121: recipe for target 'cmTC_e1303/fast' failed
make: *** [cmTC_e1303/fast] Error 2

File /home/miles/Dropbox/code/memepu/verymeme/cmake-build-debug/CMakeFiles/CMakeTmp/CheckSymbolExists.c:
/* */
#include <pthread.h>

int main(int argc, char** argv)
{
  (void)argv;
#ifndef pthread_create
  return ((int*)(&pthread_create))[argc];
#else
  (void)argc;
  return 0;
#endif
}

